<?xml version="1.0" encoding="UTF-8"?>
<!-- Generated by org.testng.reporters.JUnitReportReporter -->
<testsuite hostname="LAPTOP-07QS5DUO" failures="0" tests="1" name="RahulShrtty.ExtendReport1.extendReportDemo" time="9.848" errors="0" timestamp="2022-09-20T16:59:24 IST" skipped="0">
  <testcase classname="RahulShrtty.ExtendReport1.extendReportDemo" name="initialDemo" time="9.848"/>
  <system-out/>
</testsuite> <!-- RahulShrtty.ExtendReport1.extendReportDemo -->
